[ INFO ] - [ edu.hitsz.remoting.AbstractRemotingClient.createChannel(AbstractRemotingClient.java:185) ] - 2017-04-20 11:55:51  
开始尝试建立通信连接:120.76.28.16:8080
[ WARN ] - [ edu.hitsz.remoting.AbstractRemotingClient.createChannel(AbstractRemotingClient.java:207) ] - 2017-04-20 11:55:51  
建立远程连接失败:120.76.28.16:8080,edu.hitsz.remoting.netty.NettyChannelFuture@2c38ba51
java.net.ConnectException: Connection refused: /120.76.28.16:8080
	at sun.nio.ch.SocketChannelImpl.checkConnect(Native Method)
	at sun.nio.ch.SocketChannelImpl.finishConnect(SocketChannelImpl.java:717)
	at io.netty.channel.socket.nio.NioSocketChannel.doFinishConnect(NioSocketChannel.java:191)
	at io.netty.channel.nio.AbstractNioChannel$AbstractNioUnsafe.finishConnect(AbstractNioChannel.java:241)
	at io.netty.channel.nio.NioEventLoop.processSelectedKey(NioEventLoop.java:502)
	at io.netty.channel.nio.NioEventLoop.processSelectedKeysOptimized(NioEventLoop.java:452)
	at io.netty.channel.nio.NioEventLoop.run(NioEventLoop.java:346)
	at io.netty.util.concurrent.SingleThreadEventExecutor$2.run(SingleThreadEventExecutor.java:101)
	at java.lang.Thread.run(Thread.java:745)
[ ERROR ] - [ edu.hitsz.remoting.delegate.RemotingClientDelegate.invokeSync(RemotingClientDelegate.java:65) ] - 2017-04-20 11:55:51  
发送同步请求异常!
edu.hitsz.remoting.exception.RemotingConnectException: connect to <120.76.28.16:8080> failed
	at edu.hitsz.remoting.AbstractRemotingClient.invokeSync(AbstractRemotingClient.java:358)
	at edu.hitsz.remoting.delegate.RemotingClientDelegate.invokeSync(RemotingClientDelegate.java:62)
	at edu.hitsz.cluster.client.Client$Board$1.actionPerformed(Client.java:435)
	at javax.swing.AbstractButton.fireActionPerformed(AbstractButton.java:2022)
	at javax.swing.AbstractButton$Handler.actionPerformed(AbstractButton.java:2348)
	at javax.swing.DefaultButtonModel.fireActionPerformed(DefaultButtonModel.java:402)
	at javax.swing.DefaultButtonModel.setPressed(DefaultButtonModel.java:259)
	at javax.swing.plaf.basic.BasicButtonListener.mouseReleased(BasicButtonListener.java:252)
	at java.awt.Component.processMouseEvent(Component.java:6533)
	at javax.swing.JComponent.processMouseEvent(JComponent.java:3324)
	at java.awt.Component.processEvent(Component.java:6298)
	at java.awt.Container.processEvent(Container.java:2236)
	at java.awt.Component.dispatchEventImpl(Component.java:4889)
	at java.awt.Container.dispatchEventImpl(Container.java:2294)
	at java.awt.Component.dispatchEvent(Component.java:4711)
	at java.awt.LightweightDispatcher.retargetMouseEvent(Container.java:4888)
	at java.awt.LightweightDispatcher.processMouseEvent(Container.java:4525)
	at java.awt.LightweightDispatcher.dispatchEvent(Container.java:4466)
	at java.awt.Container.dispatchEventImpl(Container.java:2280)
	at java.awt.Window.dispatchEventImpl(Window.java:2746)
	at java.awt.Component.dispatchEvent(Component.java:4711)
	at java.awt.EventQueue.dispatchEventImpl(EventQueue.java:758)
	at java.awt.EventQueue.access$500(EventQueue.java:97)
	at java.awt.EventQueue$3.run(EventQueue.java:709)
	at java.awt.EventQueue$3.run(EventQueue.java:703)
	at java.security.AccessController.doPrivileged(Native Method)
	at java.security.ProtectionDomain$JavaSecurityAccessImpl.doIntersectionPrivilege(ProtectionDomain.java:80)
	at java.security.ProtectionDomain$JavaSecurityAccessImpl.doIntersectionPrivilege(ProtectionDomain.java:90)
	at java.awt.EventQueue$4.run(EventQueue.java:731)
	at java.awt.EventQueue$4.run(EventQueue.java:729)
	at java.security.AccessController.doPrivileged(Native Method)
	at java.security.ProtectionDomain$JavaSecurityAccessImpl.doIntersectionPrivilege(ProtectionDomain.java:80)
	at java.awt.EventQueue.dispatchEvent(EventQueue.java:728)
	at java.awt.EventDispatchThread.pumpOneEventForFilters(EventDispatchThread.java:201)
	at java.awt.EventDispatchThread.pumpEventsForFilter(EventDispatchThread.java:116)
	at java.awt.EventDispatchThread.pumpEventsForHierarchy(EventDispatchThread.java:105)
	at java.awt.EventDispatchThread.pumpEvents(EventDispatchThread.java:101)
	at java.awt.EventDispatchThread.pumpEvents(EventDispatchThread.java:93)
	at java.awt.EventDispatchThread.run(EventDispatchThread.java:82)
[ ERROR ] - [ edu.hitsz.commons.utils.Parser.parserServerConfig(Parser.java:69) ] - 2017-04-20 12:04:01  
读取clientconfig.xml失败
java.io.FileNotFoundException: /home/frobot/serverconfig.xml (No such file or directory)
	at java.io.FileInputStream.open0(Native Method)
	at java.io.FileInputStream.open(FileInputStream.java:195)
	at java.io.FileInputStream.<init>(FileInputStream.java:138)
	at java.io.FileInputStream.<init>(FileInputStream.java:93)
	at java.io.FileReader.<init>(FileReader.java:58)
	at edu.hitsz.commons.utils.XMLParseUtil.createReadRoot(XMLParseUtil.java:48)
	at edu.hitsz.commons.utils.Parser.parserServerConfig(Parser.java:60)
	at edu.hitsz.cluster.server.Server.initConfig(Server.java:159)
	at edu.hitsz.cluster.server.Server.init(Server.java:129)
	at edu.hitsz.cluster.server.Server.start(Server.java:42)
	at edu.hitsz.driver.ServerDriver.main(ServerDriver.java:11)
	at sun.reflect.NativeMethodAccessorImpl.invoke0(Native Method)
	at sun.reflect.NativeMethodAccessorImpl.invoke(NativeMethodAccessorImpl.java:62)
	at sun.reflect.DelegatingMethodAccessorImpl.invoke(DelegatingMethodAccessorImpl.java:43)
	at java.lang.reflect.Method.invoke(Method.java:498)
	at com.intellij.rt.execution.application.AppMain.main(AppMain.java:147)
[ ERROR ] - [ edu.hitsz.cluster.server.Server.init(Server.java:136) ] - 2017-04-20 12:04:01  
Server初始化失败!
[ ERROR ] - [ edu.hitsz.cluster.server.Server.startRemoting(Server.java:117) ] - 2017-04-20 12:04:01  
Server通信服务开启失败!
java.lang.NullPointerException
	at edu.hitsz.cluster.server.Server.startRemoting(Server.java:108)
	at edu.hitsz.cluster.server.Server.start(Server.java:43)
	at edu.hitsz.driver.ServerDriver.main(ServerDriver.java:11)
	at sun.reflect.NativeMethodAccessorImpl.invoke0(Native Method)
	at sun.reflect.NativeMethodAccessorImpl.invoke(NativeMethodAccessorImpl.java:62)
	at sun.reflect.DelegatingMethodAccessorImpl.invoke(DelegatingMethodAccessorImpl.java:43)
	at java.lang.reflect.Method.invoke(Method.java:498)
	at com.intellij.rt.execution.application.AppMain.main(AppMain.java:147)
[ INFO ] - [ edu.hitsz.remoting.AbstractRemotingClient.createChannel(AbstractRemotingClient.java:185) ] - 2017-04-20 12:05:33  
开始尝试建立通信连接:120.76.28.16:8080
[ WARN ] - [ edu.hitsz.remoting.AbstractRemotingClient.createChannel(AbstractRemotingClient.java:207) ] - 2017-04-20 12:05:33  
建立远程连接失败:120.76.28.16:8080,edu.hitsz.remoting.netty.NettyChannelFuture@58c05c9a
java.net.ConnectException: Connection refused: /120.76.28.16:8080
	at sun.nio.ch.SocketChannelImpl.checkConnect(Native Method)
	at sun.nio.ch.SocketChannelImpl.finishConnect(SocketChannelImpl.java:717)
	at io.netty.channel.socket.nio.NioSocketChannel.doFinishConnect(NioSocketChannel.java:191)
	at io.netty.channel.nio.AbstractNioChannel$AbstractNioUnsafe.finishConnect(AbstractNioChannel.java:241)
	at io.netty.channel.nio.NioEventLoop.processSelectedKey(NioEventLoop.java:502)
	at io.netty.channel.nio.NioEventLoop.processSelectedKeysOptimized(NioEventLoop.java:452)
	at io.netty.channel.nio.NioEventLoop.run(NioEventLoop.java:346)
	at io.netty.util.concurrent.SingleThreadEventExecutor$2.run(SingleThreadEventExecutor.java:101)
	at java.lang.Thread.run(Thread.java:745)
[ ERROR ] - [ edu.hitsz.remoting.delegate.RemotingClientDelegate.invokeSync(RemotingClientDelegate.java:65) ] - 2017-04-20 12:05:33  
发送同步请求异常!
edu.hitsz.remoting.exception.RemotingConnectException: connect to <120.76.28.16:8080> failed
	at edu.hitsz.remoting.AbstractRemotingClient.invokeSync(AbstractRemotingClient.java:358)
	at edu.hitsz.remoting.delegate.RemotingClientDelegate.invokeSync(RemotingClientDelegate.java:62)
	at edu.hitsz.cluster.client.Client$Board$1.actionPerformed(Client.java:436)
	at javax.swing.AbstractButton.fireActionPerformed(AbstractButton.java:2022)
	at javax.swing.AbstractButton$Handler.actionPerformed(AbstractButton.java:2348)
	at javax.swing.DefaultButtonModel.fireActionPerformed(DefaultButtonModel.java:402)
	at javax.swing.DefaultButtonModel.setPressed(DefaultButtonModel.java:259)
	at javax.swing.plaf.basic.BasicButtonListener.mouseReleased(BasicButtonListener.java:252)
	at java.awt.Component.processMouseEvent(Component.java:6533)
	at javax.swing.JComponent.processMouseEvent(JComponent.java:3324)
	at java.awt.Component.processEvent(Component.java:6298)
	at java.awt.Container.processEvent(Container.java:2236)
	at java.awt.Component.dispatchEventImpl(Component.java:4889)
	at java.awt.Container.dispatchEventImpl(Container.java:2294)
	at java.awt.Component.dispatchEvent(Component.java:4711)
	at java.awt.LightweightDispatcher.retargetMouseEvent(Container.java:4888)
	at java.awt.LightweightDispatcher.processMouseEvent(Container.java:4525)
	at java.awt.LightweightDispatcher.dispatchEvent(Container.java:4466)
	at java.awt.Container.dispatchEventImpl(Container.java:2280)
	at java.awt.Window.dispatchEventImpl(Window.java:2746)
	at java.awt.Component.dispatchEvent(Component.java:4711)
	at java.awt.EventQueue.dispatchEventImpl(EventQueue.java:758)
	at java.awt.EventQueue.access$500(EventQueue.java:97)
	at java.awt.EventQueue$3.run(EventQueue.java:709)
	at java.awt.EventQueue$3.run(EventQueue.java:703)
	at java.security.AccessController.doPrivileged(Native Method)
	at java.security.ProtectionDomain$JavaSecurityAccessImpl.doIntersectionPrivilege(ProtectionDomain.java:80)
	at java.security.ProtectionDomain$JavaSecurityAccessImpl.doIntersectionPrivilege(ProtectionDomain.java:90)
	at java.awt.EventQueue$4.run(EventQueue.java:731)
	at java.awt.EventQueue$4.run(EventQueue.java:729)
	at java.security.AccessController.doPrivileged(Native Method)
	at java.security.ProtectionDomain$JavaSecurityAccessImpl.doIntersectionPrivilege(ProtectionDomain.java:80)
	at java.awt.EventQueue.dispatchEvent(EventQueue.java:728)
	at java.awt.EventDispatchThread.pumpOneEventForFilters(EventDispatchThread.java:201)
	at java.awt.EventDispatchThread.pumpEventsForFilter(EventDispatchThread.java:116)
	at java.awt.EventDispatchThread.pumpEventsForHierarchy(EventDispatchThread.java:105)
	at java.awt.EventDispatchThread.pumpEvents(EventDispatchThread.java:101)
	at java.awt.EventDispatchThread.pumpEvents(EventDispatchThread.java:93)
	at java.awt.EventDispatchThread.run(EventDispatchThread.java:82)
[ INFO ] - [ edu.hitsz.remoting.AbstractRemotingClient.createChannel(AbstractRemotingClient.java:185) ] - 2017-04-20 12:06:34  
开始尝试建立通信连接:localhost:8080
[ INFO ] - [ edu.hitsz.remoting.AbstractRemotingClient.createChannel(AbstractRemotingClient.java:204) ] - 2017-04-20 12:06:34  
建立远程连接成功:localhost:8080,edu.hitsz.remoting.netty.NettyChannelFuture@3b5f8e12
[ INFO ] - [ edu.hitsz.remoting.netty.NettyRemotingServer$NettyConnectManageHandler.channelRegistered(NettyRemotingServer.java:116) ] - 2017-04-20 12:06:34  
channel注册成功:127.0.0.1:55048
[ INFO ] - [ edu.hitsz.remoting.AbstractRemotingClient.createChannel(AbstractRemotingClient.java:185) ] - 2017-04-20 12:06:44  
开始尝试建立通信连接:localhost:8080
[ INFO ] - [ edu.hitsz.remoting.netty.NettyRemotingServer$NettyConnectManageHandler.channelRegistered(NettyRemotingServer.java:116) ] - 2017-04-20 12:06:44  
channel注册成功:127.0.0.1:55054
[ INFO ] - [ edu.hitsz.remoting.AbstractRemotingClient.createChannel(AbstractRemotingClient.java:204) ] - 2017-04-20 12:06:44  
建立远程连接成功:localhost:8080,edu.hitsz.remoting.netty.NettyChannelFuture@32a5f4b7
[ INFO ] - [ edu.hitsz.remoting.AbstractRemotingClient.createChannel(AbstractRemotingClient.java:185) ] - 2017-04-20 12:10:33  
开始尝试建立通信连接:localhost:8080
[ INFO ] - [ edu.hitsz.remoting.AbstractRemotingClient.createChannel(AbstractRemotingClient.java:204) ] - 2017-04-20 12:10:33  
建立远程连接成功:localhost:8080,edu.hitsz.remoting.netty.NettyChannelFuture@650202ef
[ INFO ] - [ edu.hitsz.remoting.netty.NettyRemotingServer$NettyConnectManageHandler.channelRegistered(NettyRemotingServer.java:116) ] - 2017-04-20 12:10:33  
channel注册成功:127.0.0.1:55106
[ INFO ] - [ edu.hitsz.remoting.AbstractRemotingClient.createChannel(AbstractRemotingClient.java:185) ] - 2017-04-20 12:10:52  
开始尝试建立通信连接:localhost:8080
[ INFO ] - [ edu.hitsz.remoting.AbstractRemotingClient.createChannel(AbstractRemotingClient.java:204) ] - 2017-04-20 12:10:53  
建立远程连接成功:localhost:8080,edu.hitsz.remoting.netty.NettyChannelFuture@69894857
[ INFO ] - [ edu.hitsz.remoting.netty.NettyRemotingServer$NettyConnectManageHandler.channelRegistered(NettyRemotingServer.java:116) ] - 2017-04-20 12:10:53  
channel注册成功:127.0.0.1:55110
[ INFO ] - [ edu.hitsz.remoting.AbstractRemotingClient.createChannel(AbstractRemotingClient.java:185) ] - 2017-04-20 12:12:56  
开始尝试建立通信连接:localhost:8080
[ INFO ] - [ edu.hitsz.remoting.AbstractRemotingClient.createChannel(AbstractRemotingClient.java:204) ] - 2017-04-20 12:12:56  
建立远程连接成功:localhost:8080,edu.hitsz.remoting.netty.NettyChannelFuture@1882ccd8
[ INFO ] - [ edu.hitsz.remoting.netty.NettyRemotingServer$NettyConnectManageHandler.channelRegistered(NettyRemotingServer.java:116) ] - 2017-04-20 12:12:56  
channel注册成功:127.0.0.1:55142
[ INFO ] - [ edu.hitsz.remoting.AbstractRemotingClient.createChannel(AbstractRemotingClient.java:185) ] - 2017-04-20 12:13:19  
开始尝试建立通信连接:localhost:8080
[ INFO ] - [ edu.hitsz.remoting.AbstractRemotingClient.createChannel(AbstractRemotingClient.java:204) ] - 2017-04-20 12:13:19  
建立远程连接成功:localhost:8080,edu.hitsz.remoting.netty.NettyChannelFuture@6eb7b59b
[ INFO ] - [ edu.hitsz.remoting.netty.NettyRemotingServer$NettyConnectManageHandler.channelRegistered(NettyRemotingServer.java:116) ] - 2017-04-20 12:13:19  
channel注册成功:127.0.0.1:55150
[ INFO ] - [ edu.hitsz.remoting.netty.NettyRemotingServer$NettyConnectManageHandler.channelInactive(NettyRemotingServer.java:139) ] - 2017-04-20 12:15:05  
客户端断开链接: 127.0.0.1:55150
[ INFO ] - [ edu.hitsz.remoting.netty.NettyRemotingServer$NettyConnectManageHandler.channelUnregistered(NettyRemotingServer.java:123) ] - 2017-04-20 12:15:05  
channel取消注册成功:127.0.0.1:55150
[ INFO ] - [ edu.hitsz.remoting.netty.NettyRemotingServer$NettyConnectManageHandler.channelInactive(NettyRemotingServer.java:139) ] - 2017-04-20 12:15:07  
客户端断开链接: 127.0.0.1:55142
[ INFO ] - [ edu.hitsz.remoting.netty.NettyRemotingServer$NettyConnectManageHandler.channelUnregistered(NettyRemotingServer.java:123) ] - 2017-04-20 12:15:07  
channel取消注册成功:127.0.0.1:55142
[ INFO ] - [ edu.hitsz.remoting.AbstractRemotingClient.createChannel(AbstractRemotingClient.java:185) ] - 2017-04-20 12:16:57  
开始尝试建立通信连接:localhost:8080
[ INFO ] - [ edu.hitsz.remoting.AbstractRemotingClient.createChannel(AbstractRemotingClient.java:204) ] - 2017-04-20 12:16:57  
建立远程连接成功:localhost:8080,edu.hitsz.remoting.netty.NettyChannelFuture@6e1ca8e
[ INFO ] - [ edu.hitsz.remoting.netty.NettyRemotingServer$NettyConnectManageHandler.channelRegistered(NettyRemotingServer.java:116) ] - 2017-04-20 12:16:57  
channel注册成功:127.0.0.1:55194
[ INFO ] - [ edu.hitsz.remoting.AbstractRemotingClient.createChannel(AbstractRemotingClient.java:185) ] - 2017-04-20 12:17:03  
开始尝试建立通信连接:localhost:8080
[ INFO ] - [ edu.hitsz.remoting.netty.NettyRemotingServer$NettyConnectManageHandler.channelRegistered(NettyRemotingServer.java:116) ] - 2017-04-20 12:17:03  
channel注册成功:127.0.0.1:55196
[ INFO ] - [ edu.hitsz.remoting.AbstractRemotingClient.createChannel(AbstractRemotingClient.java:204) ] - 2017-04-20 12:17:03  
建立远程连接成功:localhost:8080,edu.hitsz.remoting.netty.NettyChannelFuture@22584656
[ INFO ] - [ edu.hitsz.remoting.netty.NettyRemotingServer$NettyConnectManageHandler.channelInactive(NettyRemotingServer.java:139) ] - 2017-04-20 12:17:17  
客户端断开链接: 127.0.0.1:55194
[ INFO ] - [ edu.hitsz.remoting.netty.NettyRemotingServer$NettyConnectManageHandler.channelUnregistered(NettyRemotingServer.java:123) ] - 2017-04-20 12:17:17  
channel取消注册成功:127.0.0.1:55194
[ INFO ] - [ edu.hitsz.remoting.netty.NettyRemotingServer$NettyConnectManageHandler.channelInactive(NettyRemotingServer.java:139) ] - 2017-04-20 12:17:19  
客户端断开链接: 127.0.0.1:55196
[ INFO ] - [ edu.hitsz.remoting.netty.NettyRemotingServer$NettyConnectManageHandler.channelUnregistered(NettyRemotingServer.java:123) ] - 2017-04-20 12:17:19  
channel取消注册成功:127.0.0.1:55196
[ INFO ] - [ edu.hitsz.remoting.AbstractRemotingClient.createChannel(AbstractRemotingClient.java:185) ] - 2017-04-20 12:18:47  
开始尝试建立通信连接:localhost:8080
[ INFO ] - [ edu.hitsz.remoting.AbstractRemotingClient.createChannel(AbstractRemotingClient.java:204) ] - 2017-04-20 12:18:47  
建立远程连接成功:localhost:8080,edu.hitsz.remoting.netty.NettyChannelFuture@7e20bc6f
[ INFO ] - [ edu.hitsz.remoting.netty.NettyRemotingServer$NettyConnectManageHandler.channelRegistered(NettyRemotingServer.java:116) ] - 2017-04-20 12:18:47  
channel注册成功:127.0.0.1:55220
[ INFO ] - [ edu.hitsz.remoting.AbstractRemotingClient.createChannel(AbstractRemotingClient.java:185) ] - 2017-04-20 12:18:54  
开始尝试建立通信连接:localhost:8080
[ INFO ] - [ edu.hitsz.remoting.netty.NettyRemotingServer$NettyConnectManageHandler.channelRegistered(NettyRemotingServer.java:116) ] - 2017-04-20 12:18:54  
channel注册成功:127.0.0.1:55222
[ INFO ] - [ edu.hitsz.remoting.AbstractRemotingClient.createChannel(AbstractRemotingClient.java:204) ] - 2017-04-20 12:18:54  
建立远程连接成功:localhost:8080,edu.hitsz.remoting.netty.NettyChannelFuture@2746071d
[ INFO ] - [ edu.hitsz.remoting.netty.NettyRemotingServer$NettyConnectManageHandler.channelInactive(NettyRemotingServer.java:139) ] - 2017-04-20 12:20:48  
客户端断开链接: 127.0.0.1:55220
[ INFO ] - [ edu.hitsz.remoting.netty.NettyRemotingServer$NettyConnectManageHandler.channelUnregistered(NettyRemotingServer.java:123) ] - 2017-04-20 12:20:48  
channel取消注册成功:127.0.0.1:55220
[ INFO ] - [ edu.hitsz.remoting.netty.NettyRemotingServer$NettyConnectManageHandler.channelInactive(NettyRemotingServer.java:139) ] - 2017-04-20 12:20:50  
客户端断开链接: 127.0.0.1:55222
[ INFO ] - [ edu.hitsz.remoting.netty.NettyRemotingServer$NettyConnectManageHandler.channelUnregistered(NettyRemotingServer.java:123) ] - 2017-04-20 12:20:50  
channel取消注册成功:127.0.0.1:55222
[ INFO ] - [ edu.hitsz.remoting.AbstractRemotingClient.createChannel(AbstractRemotingClient.java:185) ] - 2017-04-20 12:22:16  
开始尝试建立通信连接:localhost:8080
[ INFO ] - [ edu.hitsz.remoting.AbstractRemotingClient.createChannel(AbstractRemotingClient.java:204) ] - 2017-04-20 12:22:16  
建立远程连接成功:localhost:8080,edu.hitsz.remoting.netty.NettyChannelFuture@5d491811
[ INFO ] - [ edu.hitsz.remoting.netty.NettyRemotingServer$NettyConnectManageHandler.channelRegistered(NettyRemotingServer.java:116) ] - 2017-04-20 12:22:16  
channel注册成功:127.0.0.1:55266
[ INFO ] - [ edu.hitsz.remoting.AbstractRemotingClient.createChannel(AbstractRemotingClient.java:185) ] - 2017-04-20 12:22:17  
开始尝试建立通信连接:localhost:8080
[ INFO ] - [ edu.hitsz.remoting.AbstractRemotingClient.createChannel(AbstractRemotingClient.java:204) ] - 2017-04-20 12:22:17  
建立远程连接成功:localhost:8080,edu.hitsz.remoting.netty.NettyChannelFuture@72e217da
[ INFO ] - [ edu.hitsz.remoting.netty.NettyRemotingServer$NettyConnectManageHandler.channelRegistered(NettyRemotingServer.java:116) ] - 2017-04-20 12:22:17  
channel注册成功:127.0.0.1:55268
[ INFO ] - [ edu.hitsz.remoting.netty.NettyRemotingServer$NettyConnectManageHandler.channelInactive(NettyRemotingServer.java:139) ] - 2017-04-20 12:23:12  
客户端断开链接: 127.0.0.1:55268
[ INFO ] - [ edu.hitsz.remoting.netty.NettyRemotingServer$NettyConnectManageHandler.channelUnregistered(NettyRemotingServer.java:123) ] - 2017-04-20 12:23:12  
channel取消注册成功:127.0.0.1:55268
[ INFO ] - [ edu.hitsz.remoting.netty.NettyRemotingServer$NettyConnectManageHandler.channelInactive(NettyRemotingServer.java:139) ] - 2017-04-20 12:23:21  
客户端断开链接: 127.0.0.1:55266
[ INFO ] - [ edu.hitsz.remoting.netty.NettyRemotingServer$NettyConnectManageHandler.channelUnregistered(NettyRemotingServer.java:123) ] - 2017-04-20 12:23:21  
channel取消注册成功:127.0.0.1:55266
