[ WARN ] - [ edu.hitsz.remoting.AbstractRemotingClient.createChannel(AbstractRemotingClient.java:207) ] - 2017-04-20 11:55:51  
建立远程连接失败:120.76.28.16:8080,edu.hitsz.remoting.netty.NettyChannelFuture@2c38ba51
java.net.ConnectException: Connection refused: /120.76.28.16:8080
	at sun.nio.ch.SocketChannelImpl.checkConnect(Native Method)
	at sun.nio.ch.SocketChannelImpl.finishConnect(SocketChannelImpl.java:717)
	at io.netty.channel.socket.nio.NioSocketChannel.doFinishConnect(NioSocketChannel.java:191)
	at io.netty.channel.nio.AbstractNioChannel$AbstractNioUnsafe.finishConnect(AbstractNioChannel.java:241)
	at io.netty.channel.nio.NioEventLoop.processSelectedKey(NioEventLoop.java:502)
	at io.netty.channel.nio.NioEventLoop.processSelectedKeysOptimized(NioEventLoop.java:452)
	at io.netty.channel.nio.NioEventLoop.run(NioEventLoop.java:346)
	at io.netty.util.concurrent.SingleThreadEventExecutor$2.run(SingleThreadEventExecutor.java:101)
	at java.lang.Thread.run(Thread.java:745)
[ ERROR ] - [ edu.hitsz.remoting.delegate.RemotingClientDelegate.invokeSync(RemotingClientDelegate.java:65) ] - 2017-04-20 11:55:51  
发送同步请求异常!
edu.hitsz.remoting.exception.RemotingConnectException: connect to <120.76.28.16:8080> failed
	at edu.hitsz.remoting.AbstractRemotingClient.invokeSync(AbstractRemotingClient.java:358)
	at edu.hitsz.remoting.delegate.RemotingClientDelegate.invokeSync(RemotingClientDelegate.java:62)
	at edu.hitsz.cluster.client.Client$Board$1.actionPerformed(Client.java:435)
	at javax.swing.AbstractButton.fireActionPerformed(AbstractButton.java:2022)
	at javax.swing.AbstractButton$Handler.actionPerformed(AbstractButton.java:2348)
	at javax.swing.DefaultButtonModel.fireActionPerformed(DefaultButtonModel.java:402)
	at javax.swing.DefaultButtonModel.setPressed(DefaultButtonModel.java:259)
	at javax.swing.plaf.basic.BasicButtonListener.mouseReleased(BasicButtonListener.java:252)
	at java.awt.Component.processMouseEvent(Component.java:6533)
	at javax.swing.JComponent.processMouseEvent(JComponent.java:3324)
	at java.awt.Component.processEvent(Component.java:6298)
	at java.awt.Container.processEvent(Container.java:2236)
	at java.awt.Component.dispatchEventImpl(Component.java:4889)
	at java.awt.Container.dispatchEventImpl(Container.java:2294)
	at java.awt.Component.dispatchEvent(Component.java:4711)
	at java.awt.LightweightDispatcher.retargetMouseEvent(Container.java:4888)
	at java.awt.LightweightDispatcher.processMouseEvent(Container.java:4525)
	at java.awt.LightweightDispatcher.dispatchEvent(Container.java:4466)
	at java.awt.Container.dispatchEventImpl(Container.java:2280)
	at java.awt.Window.dispatchEventImpl(Window.java:2746)
	at java.awt.Component.dispatchEvent(Component.java:4711)
	at java.awt.EventQueue.dispatchEventImpl(EventQueue.java:758)
	at java.awt.EventQueue.access$500(EventQueue.java:97)
	at java.awt.EventQueue$3.run(EventQueue.java:709)
	at java.awt.EventQueue$3.run(EventQueue.java:703)
	at java.security.AccessController.doPrivileged(Native Method)
	at java.security.ProtectionDomain$JavaSecurityAccessImpl.doIntersectionPrivilege(ProtectionDomain.java:80)
	at java.security.ProtectionDomain$JavaSecurityAccessImpl.doIntersectionPrivilege(ProtectionDomain.java:90)
	at java.awt.EventQueue$4.run(EventQueue.java:731)
	at java.awt.EventQueue$4.run(EventQueue.java:729)
	at java.security.AccessController.doPrivileged(Native Method)
	at java.security.ProtectionDomain$JavaSecurityAccessImpl.doIntersectionPrivilege(ProtectionDomain.java:80)
	at java.awt.EventQueue.dispatchEvent(EventQueue.java:728)
	at java.awt.EventDispatchThread.pumpOneEventForFilters(EventDispatchThread.java:201)
	at java.awt.EventDispatchThread.pumpEventsForFilter(EventDispatchThread.java:116)
	at java.awt.EventDispatchThread.pumpEventsForHierarchy(EventDispatchThread.java:105)
	at java.awt.EventDispatchThread.pumpEvents(EventDispatchThread.java:101)
	at java.awt.EventDispatchThread.pumpEvents(EventDispatchThread.java:93)
	at java.awt.EventDispatchThread.run(EventDispatchThread.java:82)
[ ERROR ] - [ edu.hitsz.commons.utils.Parser.parserServerConfig(Parser.java:69) ] - 2017-04-20 12:04:01  
读取clientconfig.xml失败
java.io.FileNotFoundException: /home/frobot/serverconfig.xml (No such file or directory)
	at java.io.FileInputStream.open0(Native Method)
	at java.io.FileInputStream.open(FileInputStream.java:195)
	at java.io.FileInputStream.<init>(FileInputStream.java:138)
	at java.io.FileInputStream.<init>(FileInputStream.java:93)
	at java.io.FileReader.<init>(FileReader.java:58)
	at edu.hitsz.commons.utils.XMLParseUtil.createReadRoot(XMLParseUtil.java:48)
	at edu.hitsz.commons.utils.Parser.parserServerConfig(Parser.java:60)
	at edu.hitsz.cluster.server.Server.initConfig(Server.java:159)
	at edu.hitsz.cluster.server.Server.init(Server.java:129)
	at edu.hitsz.cluster.server.Server.start(Server.java:42)
	at edu.hitsz.driver.ServerDriver.main(ServerDriver.java:11)
	at sun.reflect.NativeMethodAccessorImpl.invoke0(Native Method)
	at sun.reflect.NativeMethodAccessorImpl.invoke(NativeMethodAccessorImpl.java:62)
	at sun.reflect.DelegatingMethodAccessorImpl.invoke(DelegatingMethodAccessorImpl.java:43)
	at java.lang.reflect.Method.invoke(Method.java:498)
	at com.intellij.rt.execution.application.AppMain.main(AppMain.java:147)
[ ERROR ] - [ edu.hitsz.cluster.server.Server.init(Server.java:136) ] - 2017-04-20 12:04:01  
Server初始化失败!
[ ERROR ] - [ edu.hitsz.cluster.server.Server.startRemoting(Server.java:117) ] - 2017-04-20 12:04:01  
Server通信服务开启失败!
java.lang.NullPointerException
	at edu.hitsz.cluster.server.Server.startRemoting(Server.java:108)
	at edu.hitsz.cluster.server.Server.start(Server.java:43)
	at edu.hitsz.driver.ServerDriver.main(ServerDriver.java:11)
	at sun.reflect.NativeMethodAccessorImpl.invoke0(Native Method)
	at sun.reflect.NativeMethodAccessorImpl.invoke(NativeMethodAccessorImpl.java:62)
	at sun.reflect.DelegatingMethodAccessorImpl.invoke(DelegatingMethodAccessorImpl.java:43)
	at java.lang.reflect.Method.invoke(Method.java:498)
	at com.intellij.rt.execution.application.AppMain.main(AppMain.java:147)
[ WARN ] - [ edu.hitsz.remoting.AbstractRemotingClient.createChannel(AbstractRemotingClient.java:207) ] - 2017-04-20 12:05:33  
建立远程连接失败:120.76.28.16:8080,edu.hitsz.remoting.netty.NettyChannelFuture@58c05c9a
java.net.ConnectException: Connection refused: /120.76.28.16:8080
	at sun.nio.ch.SocketChannelImpl.checkConnect(Native Method)
	at sun.nio.ch.SocketChannelImpl.finishConnect(SocketChannelImpl.java:717)
	at io.netty.channel.socket.nio.NioSocketChannel.doFinishConnect(NioSocketChannel.java:191)
	at io.netty.channel.nio.AbstractNioChannel$AbstractNioUnsafe.finishConnect(AbstractNioChannel.java:241)
	at io.netty.channel.nio.NioEventLoop.processSelectedKey(NioEventLoop.java:502)
	at io.netty.channel.nio.NioEventLoop.processSelectedKeysOptimized(NioEventLoop.java:452)
	at io.netty.channel.nio.NioEventLoop.run(NioEventLoop.java:346)
	at io.netty.util.concurrent.SingleThreadEventExecutor$2.run(SingleThreadEventExecutor.java:101)
	at java.lang.Thread.run(Thread.java:745)
[ ERROR ] - [ edu.hitsz.remoting.delegate.RemotingClientDelegate.invokeSync(RemotingClientDelegate.java:65) ] - 2017-04-20 12:05:33  
发送同步请求异常!
edu.hitsz.remoting.exception.RemotingConnectException: connect to <120.76.28.16:8080> failed
	at edu.hitsz.remoting.AbstractRemotingClient.invokeSync(AbstractRemotingClient.java:358)
	at edu.hitsz.remoting.delegate.RemotingClientDelegate.invokeSync(RemotingClientDelegate.java:62)
	at edu.hitsz.cluster.client.Client$Board$1.actionPerformed(Client.java:436)
	at javax.swing.AbstractButton.fireActionPerformed(AbstractButton.java:2022)
	at javax.swing.AbstractButton$Handler.actionPerformed(AbstractButton.java:2348)
	at javax.swing.DefaultButtonModel.fireActionPerformed(DefaultButtonModel.java:402)
	at javax.swing.DefaultButtonModel.setPressed(DefaultButtonModel.java:259)
	at javax.swing.plaf.basic.BasicButtonListener.mouseReleased(BasicButtonListener.java:252)
	at java.awt.Component.processMouseEvent(Component.java:6533)
	at javax.swing.JComponent.processMouseEvent(JComponent.java:3324)
	at java.awt.Component.processEvent(Component.java:6298)
	at java.awt.Container.processEvent(Container.java:2236)
	at java.awt.Component.dispatchEventImpl(Component.java:4889)
	at java.awt.Container.dispatchEventImpl(Container.java:2294)
	at java.awt.Component.dispatchEvent(Component.java:4711)
	at java.awt.LightweightDispatcher.retargetMouseEvent(Container.java:4888)
	at java.awt.LightweightDispatcher.processMouseEvent(Container.java:4525)
	at java.awt.LightweightDispatcher.dispatchEvent(Container.java:4466)
	at java.awt.Container.dispatchEventImpl(Container.java:2280)
	at java.awt.Window.dispatchEventImpl(Window.java:2746)
	at java.awt.Component.dispatchEvent(Component.java:4711)
	at java.awt.EventQueue.dispatchEventImpl(EventQueue.java:758)
	at java.awt.EventQueue.access$500(EventQueue.java:97)
	at java.awt.EventQueue$3.run(EventQueue.java:709)
	at java.awt.EventQueue$3.run(EventQueue.java:703)
	at java.security.AccessController.doPrivileged(Native Method)
	at java.security.ProtectionDomain$JavaSecurityAccessImpl.doIntersectionPrivilege(ProtectionDomain.java:80)
	at java.security.ProtectionDomain$JavaSecurityAccessImpl.doIntersectionPrivilege(ProtectionDomain.java:90)
	at java.awt.EventQueue$4.run(EventQueue.java:731)
	at java.awt.EventQueue$4.run(EventQueue.java:729)
	at java.security.AccessController.doPrivileged(Native Method)
	at java.security.ProtectionDomain$JavaSecurityAccessImpl.doIntersectionPrivilege(ProtectionDomain.java:80)
	at java.awt.EventQueue.dispatchEvent(EventQueue.java:728)
	at java.awt.EventDispatchThread.pumpOneEventForFilters(EventDispatchThread.java:201)
	at java.awt.EventDispatchThread.pumpEventsForFilter(EventDispatchThread.java:116)
	at java.awt.EventDispatchThread.pumpEventsForHierarchy(EventDispatchThread.java:105)
	at java.awt.EventDispatchThread.pumpEvents(EventDispatchThread.java:101)
	at java.awt.EventDispatchThread.pumpEvents(EventDispatchThread.java:93)
	at java.awt.EventDispatchThread.run(EventDispatchThread.java:82)
[ ERROR ] - [ edu.hitsz.remoting.netty.NettyRemotingServer.serverStart(NettyRemotingServer.java:78) ] - 2017-04-20 14:06:20  
Netty通信服务Server端启动失败!
java.net.BindException: Address already in use
	at sun.nio.ch.Net.bind0(Native Method)
	at sun.nio.ch.Net.bind(Net.java:433)
	at sun.nio.ch.Net.bind(Net.java:425)
	at sun.nio.ch.ServerSocketChannelImpl.bind(ServerSocketChannelImpl.java:223)
	at sun.nio.ch.ServerSocketAdaptor.bind(ServerSocketAdaptor.java:74)
	at io.netty.channel.socket.nio.NioServerSocketChannel.doBind(NioServerSocketChannel.java:102)
	at io.netty.channel.AbstractChannel$AbstractUnsafe.bind(AbstractChannel.java:479)
	at io.netty.channel.DefaultChannelPipeline$HeadHandler.bind(DefaultChannelPipeline.java:1000)
	at io.netty.channel.DefaultChannelHandlerContext.invokeBind(DefaultChannelHandlerContext.java:457)
	at io.netty.channel.DefaultChannelHandlerContext.bind(DefaultChannelHandlerContext.java:442)
	at io.netty.channel.DefaultChannelPipeline.bind(DefaultChannelPipeline.java:842)
	at io.netty.channel.AbstractChannel.bind(AbstractChannel.java:194)
	at io.netty.bootstrap.AbstractBootstrap$2.run(AbstractBootstrap.java:331)
	at io.netty.util.concurrent.SingleThreadEventExecutor.runAllTasks(SingleThreadEventExecutor.java:354)
	at io.netty.channel.nio.NioEventLoop.run(NioEventLoop.java:353)
	at io.netty.util.concurrent.SingleThreadEventExecutor$2.run(SingleThreadEventExecutor.java:101)
	at java.lang.Thread.run(Thread.java:745)
[ ERROR ] - [ edu.hitsz.remoting.AbstractRemoting$1.run(AbstractRemoting.java:176) ] - 2017-04-20 15:47:57  
处理请求出现异常
java.lang.RuntimeException
	at edu.hitsz.remoting.delegate.RemotingServerDelegate.invokeSync(RemotingServerDelegate.java:65)
	at edu.hitsz.cluster.server.processor.UndoRequestProcessor.processRequest(UndoRequestProcessor.java:34)
	at edu.hitsz.cluster.server.processor.ServerRemotingDispacher.processRequest(ServerRemotingDispacher.java:39)
	at edu.hitsz.remoting.AbstractRemoting$1.run(AbstractRemoting.java:139)
	at java.util.concurrent.Executors$RunnableAdapter.call(Executors.java:511)
	at java.util.concurrent.FutureTask.run(FutureTask.java:266)
	at java.util.concurrent.ThreadPoolExecutor.runWorker(ThreadPoolExecutor.java:1142)
	at java.util.concurrent.ThreadPoolExecutor$Worker.run(ThreadPoolExecutor.java:617)
	at java.lang.Thread.run(Thread.java:745)
[ ERROR ] - [ edu.hitsz.remoting.AbstractRemoting$1.run(AbstractRemoting.java:177) ] - 2017-04-20 15:47:57  
edu.hitsz.remoting.command.RemotingCommand@7de5b84d
[ WARN ] - [ edu.hitsz.remoting.AbstractRemoting$RemotingEventExecutor.run(AbstractRemoting.java:544) ] - 2017-04-20 16:18:21  
RemotingEventExecutor 产生异常 
java.lang.NullPointerException
	at edu.hitsz.cluster.server.ServerChannelEventListener.onChannelClose(ServerChannelEventListener.java:36)
	at edu.hitsz.remoting.AbstractRemoting$RemotingEventExecutor.run(AbstractRemoting.java:528)
	at java.lang.Thread.run(Thread.java:745)
[ WARN ] - [ edu.hitsz.remoting.AbstractRemoting$RemotingEventExecutor.run(AbstractRemoting.java:544) ] - 2017-04-20 16:22:37  
RemotingEventExecutor 产生异常 
java.lang.NullPointerException
	at edu.hitsz.cluster.server.ServerChannelEventListener.onChannelClose(ServerChannelEventListener.java:36)
	at edu.hitsz.remoting.AbstractRemoting$RemotingEventExecutor.run(AbstractRemoting.java:528)
	at java.lang.Thread.run(Thread.java:745)
[ WARN ] - [ edu.hitsz.remoting.AbstractRemoting$RemotingEventExecutor.run(AbstractRemoting.java:544) ] - 2017-04-20 16:30:29  
RemotingEventExecutor 产生异常 
java.lang.IndexOutOfBoundsException: Index: 2, Size: 2
	at java.util.LinkedList.checkElementIndex(LinkedList.java:555)
	at java.util.LinkedList.remove(LinkedList.java:525)
	at edu.hitsz.cluster.server.manager.UserManager.remove(UserManager.java:71)
	at edu.hitsz.cluster.server.ServerChannelEventListener.onChannelClose(ServerChannelEventListener.java:35)
	at edu.hitsz.remoting.AbstractRemoting$RemotingEventExecutor.run(AbstractRemoting.java:528)
	at java.lang.Thread.run(Thread.java:745)
[ WARN ] - [ edu.hitsz.remoting.AbstractRemoting$RemotingEventExecutor.run(AbstractRemoting.java:544) ] - 2017-04-20 16:30:40  
RemotingEventExecutor 产生异常 
java.lang.NullPointerException
	at edu.hitsz.cluster.server.ServerChannelEventListener.onChannelClose(ServerChannelEventListener.java:43)
	at edu.hitsz.remoting.AbstractRemoting$RemotingEventExecutor.run(AbstractRemoting.java:528)
	at java.lang.Thread.run(Thread.java:745)
[ WARN ] - [ edu.hitsz.remoting.AbstractRemoting$RemotingEventExecutor.run(AbstractRemoting.java:544) ] - 2017-04-20 16:33:14  
RemotingEventExecutor 产生异常 
java.lang.NullPointerException
	at edu.hitsz.cluster.server.ServerChannelEventListener.onChannelClose(ServerChannelEventListener.java:43)
	at edu.hitsz.remoting.AbstractRemoting$RemotingEventExecutor.run(AbstractRemoting.java:528)
	at java.lang.Thread.run(Thread.java:745)
[ WARN ] - [ edu.hitsz.remoting.AbstractRemoting$RemotingEventExecutor.run(AbstractRemoting.java:544) ] - 2017-04-20 16:49:54  
RemotingEventExecutor 产生异常 
java.lang.NullPointerException
	at edu.hitsz.cluster.server.ServerChannelEventListener.onChannelClose(ServerChannelEventListener.java:43)
	at edu.hitsz.remoting.AbstractRemoting$RemotingEventExecutor.run(AbstractRemoting.java:528)
	at java.lang.Thread.run(Thread.java:745)
[ ERROR ] - [ edu.hitsz.remoting.netty.NettyCodecFactory$NettyEncoder.encode(NettyCodecFactory.java:57) ] - 2017-04-20 21:08:09  
编码异常, addr= 127.0.0.1:43892remotingCommand= edu.hitsz.remoting.command.RemotingCommand@440df8ed
java.io.NotSerializableException: edu.hitsz.cluster.server.manager.UserInfo
	at java.io.ObjectOutputStream.writeObject0(ObjectOutputStream.java:1184)
	at java.io.ObjectOutputStream.writeObject(ObjectOutputStream.java:348)
	at java.util.ArrayList.writeObject(ArrayList.java:762)
	at sun.reflect.NativeMethodAccessorImpl.invoke0(Native Method)
	at sun.reflect.NativeMethodAccessorImpl.invoke(NativeMethodAccessorImpl.java:62)
	at sun.reflect.DelegatingMethodAccessorImpl.invoke(DelegatingMethodAccessorImpl.java:43)
	at java.lang.reflect.Method.invoke(Method.java:498)
	at java.io.ObjectStreamClass.invokeWriteObject(ObjectStreamClass.java:1028)
	at java.io.ObjectOutputStream.writeSerialData(ObjectOutputStream.java:1496)
	at java.io.ObjectOutputStream.writeOrdinaryObject(ObjectOutputStream.java:1432)
	at java.io.ObjectOutputStream.writeObject0(ObjectOutputStream.java:1178)
	at java.io.ObjectOutputStream.defaultWriteFields(ObjectOutputStream.java:1548)
	at java.io.ObjectOutputStream.writeSerialData(ObjectOutputStream.java:1509)
	at java.io.ObjectOutputStream.writeOrdinaryObject(ObjectOutputStream.java:1432)
	at java.io.ObjectOutputStream.writeObject0(ObjectOutputStream.java:1178)
	at java.io.ObjectOutputStream.writeObject(ObjectOutputStream.java:348)
	at edu.hitsz.remoting.codec.serialize.JavaSerializable.serialize(JavaSerializable.java:26)
	at edu.hitsz.remoting.codec.FrobotCodec.encode(FrobotCodec.java:63)
	at edu.hitsz.remoting.netty.NettyCodecFactory$NettyEncoder.encode(NettyCodecFactory.java:53)
	at edu.hitsz.remoting.netty.NettyCodecFactory$NettyEncoder.encode(NettyCodecFactory.java:44)
	at io.netty.handler.codec.MessageToByteEncoder.write(MessageToByteEncoder.java:111)
	at io.netty.channel.DefaultChannelHandlerContext.invokeWrite(DefaultChannelHandlerContext.java:645)
	at io.netty.channel.DefaultChannelHandlerContext.write(DefaultChannelHandlerContext.java:699)
	at io.netty.channel.DefaultChannelHandlerContext.write(DefaultChannelHandlerContext.java:638)
	at io.netty.channel.ChannelDuplexHandler.write(ChannelDuplexHandler.java:106)
	at io.netty.channel.DefaultChannelHandlerContext.invokeWrite(DefaultChannelHandlerContext.java:645)
	at io.netty.channel.DefaultChannelHandlerContext.access$2000(DefaultChannelHandlerContext.java:29)
	at io.netty.channel.DefaultChannelHandlerContext$WriteTask.run(DefaultChannelHandlerContext.java:906)
	at io.netty.util.concurrent.SingleThreadEventExecutor.runAllTasks(SingleThreadEventExecutor.java:354)
	at io.netty.channel.nio.NioEventLoop.run(NioEventLoop.java:353)
	at io.netty.util.concurrent.SingleThreadEventExecutor$2.run(SingleThreadEventExecutor.java:101)
	at java.lang.Thread.run(Thread.java:745)
[ WARN ] - [ edu.hitsz.remoting.AbstractRemoting$5.operationComplete(AbstractRemoting.java:459) ] - 2017-04-20 21:08:09  
往</127.0.0.1:43892> 发送请求指令失败
[ WARN ] - [ edu.hitsz.remoting.AbstractRemoting$5.operationComplete(AbstractRemoting.java:461) ] - 2017-04-20 21:08:09  
edu.hitsz.remoting.command.RemotingCommand@440df8ed
[ ERROR ] - [ edu.hitsz.remoting.netty.NettyCodecFactory$NettyEncoder.encode(NettyCodecFactory.java:57) ] - 2017-04-20 21:09:19  
编码异常, addr= 127.0.0.1:43970remotingCommand= edu.hitsz.remoting.command.RemotingCommand@6047cf18
java.io.NotSerializableException: edu.hitsz.remoting.netty.NettyChannel
	at java.io.ObjectOutputStream.writeObject0(ObjectOutputStream.java:1184)
	at java.io.ObjectOutputStream.defaultWriteFields(ObjectOutputStream.java:1548)
	at java.io.ObjectOutputStream.writeSerialData(ObjectOutputStream.java:1509)
	at java.io.ObjectOutputStream.writeOrdinaryObject(ObjectOutputStream.java:1432)
	at java.io.ObjectOutputStream.writeObject0(ObjectOutputStream.java:1178)
	at java.io.ObjectOutputStream.writeObject(ObjectOutputStream.java:348)
	at java.util.ArrayList.writeObject(ArrayList.java:762)
	at sun.reflect.NativeMethodAccessorImpl.invoke0(Native Method)
	at sun.reflect.NativeMethodAccessorImpl.invoke(NativeMethodAccessorImpl.java:62)
	at sun.reflect.DelegatingMethodAccessorImpl.invoke(DelegatingMethodAccessorImpl.java:43)
	at java.lang.reflect.Method.invoke(Method.java:498)
	at java.io.ObjectStreamClass.invokeWriteObject(ObjectStreamClass.java:1028)
	at java.io.ObjectOutputStream.writeSerialData(ObjectOutputStream.java:1496)
	at java.io.ObjectOutputStream.writeOrdinaryObject(ObjectOutputStream.java:1432)
	at java.io.ObjectOutputStream.writeObject0(ObjectOutputStream.java:1178)
	at java.io.ObjectOutputStream.defaultWriteFields(ObjectOutputStream.java:1548)
	at java.io.ObjectOutputStream.writeSerialData(ObjectOutputStream.java:1509)
	at java.io.ObjectOutputStream.writeOrdinaryObject(ObjectOutputStream.java:1432)
	at java.io.ObjectOutputStream.writeObject0(ObjectOutputStream.java:1178)
	at java.io.ObjectOutputStream.writeObject(ObjectOutputStream.java:348)
	at edu.hitsz.remoting.codec.serialize.JavaSerializable.serialize(JavaSerializable.java:26)
	at edu.hitsz.remoting.codec.FrobotCodec.encode(FrobotCodec.java:63)
	at edu.hitsz.remoting.netty.NettyCodecFactory$NettyEncoder.encode(NettyCodecFactory.java:53)
	at edu.hitsz.remoting.netty.NettyCodecFactory$NettyEncoder.encode(NettyCodecFactory.java:44)
	at io.netty.handler.codec.MessageToByteEncoder.write(MessageToByteEncoder.java:111)
	at io.netty.channel.DefaultChannelHandlerContext.invokeWrite(DefaultChannelHandlerContext.java:645)
	at io.netty.channel.DefaultChannelHandlerContext.write(DefaultChannelHandlerContext.java:699)
	at io.netty.channel.DefaultChannelHandlerContext.write(DefaultChannelHandlerContext.java:638)
	at io.netty.channel.ChannelDuplexHandler.write(ChannelDuplexHandler.java:106)
	at io.netty.channel.DefaultChannelHandlerContext.invokeWrite(DefaultChannelHandlerContext.java:645)
	at io.netty.channel.DefaultChannelHandlerContext.access$2000(DefaultChannelHandlerContext.java:29)
	at io.netty.channel.DefaultChannelHandlerContext$WriteTask.run(DefaultChannelHandlerContext.java:906)
	at io.netty.util.concurrent.SingleThreadEventExecutor.runAllTasks(SingleThreadEventExecutor.java:354)
	at io.netty.channel.nio.NioEventLoop.run(NioEventLoop.java:353)
	at io.netty.util.concurrent.SingleThreadEventExecutor$2.run(SingleThreadEventExecutor.java:101)
	at java.lang.Thread.run(Thread.java:745)
[ WARN ] - [ edu.hitsz.remoting.AbstractRemoting$5.operationComplete(AbstractRemoting.java:459) ] - 2017-04-20 21:09:19  
往</127.0.0.1:43970> 发送请求指令失败
[ WARN ] - [ edu.hitsz.remoting.AbstractRemoting$5.operationComplete(AbstractRemoting.java:461) ] - 2017-04-20 21:09:19  
edu.hitsz.remoting.command.RemotingCommand@6047cf18
[ WARN ] - [ edu.hitsz.remoting.AbstractRemoting$RemotingEventExecutor.run(AbstractRemoting.java:544) ] - 2017-04-20 21:12:17  
RemotingEventExecutor 产生异常 
java.lang.NullPointerException
	at edu.hitsz.cluster.server.ServerChannelEventListener.onChannelClose(ServerChannelEventListener.java:43)
	at edu.hitsz.remoting.AbstractRemoting$RemotingEventExecutor.run(AbstractRemoting.java:528)
	at java.lang.Thread.run(Thread.java:745)
[ WARN ] - [ edu.hitsz.remoting.AbstractRemoting$RemotingEventExecutor.run(AbstractRemoting.java:544) ] - 2017-04-20 21:27:43  
RemotingEventExecutor 产生异常 
java.lang.NullPointerException
	at edu.hitsz.cluster.server.ServerChannelEventListener.onChannelClose(ServerChannelEventListener.java:44)
	at edu.hitsz.remoting.AbstractRemoting$RemotingEventExecutor.run(AbstractRemoting.java:528)
	at java.lang.Thread.run(Thread.java:745)
[ WARN ] - [ edu.hitsz.remoting.AbstractRemoting$RemotingEventExecutor.run(AbstractRemoting.java:544) ] - 2017-04-20 21:32:30  
RemotingEventExecutor 产生异常 
java.lang.NullPointerException
	at edu.hitsz.cluster.server.ServerChannelEventListener.onChannelClose(ServerChannelEventListener.java:44)
	at edu.hitsz.remoting.AbstractRemoting$RemotingEventExecutor.run(AbstractRemoting.java:528)
	at java.lang.Thread.run(Thread.java:745)
[ WARN ] - [ edu.hitsz.remoting.AbstractRemoting$RemotingEventExecutor.run(AbstractRemoting.java:544) ] - 2017-04-20 21:44:27  
RemotingEventExecutor 产生异常 
java.lang.NullPointerException
	at edu.hitsz.cluster.server.ServerChannelEventListener.onChannelClose(ServerChannelEventListener.java:44)
	at edu.hitsz.remoting.AbstractRemoting$RemotingEventExecutor.run(AbstractRemoting.java:528)
	at java.lang.Thread.run(Thread.java:745)
[ WARN ] - [ edu.hitsz.remoting.AbstractRemoting$RemotingEventExecutor.run(AbstractRemoting.java:544) ] - 2017-04-20 21:48:28  
RemotingEventExecutor 产生异常 
java.lang.NullPointerException
	at edu.hitsz.cluster.server.ServerChannelEventListener.onChannelClose(ServerChannelEventListener.java:45)
	at edu.hitsz.remoting.AbstractRemoting$RemotingEventExecutor.run(AbstractRemoting.java:528)
	at java.lang.Thread.run(Thread.java:745)
[ WARN ] - [ edu.hitsz.remoting.netty.NettyRemotingServer$NettyConnectManageHandler.exceptionCaught(NettyRemotingServer.java:150) ] - 2017-04-20 21:54:32  
通信连接出现异常,Worker地址:127.0.0.1:46934
[ WARN ] - [ edu.hitsz.remoting.netty.NettyRemotingServer$NettyConnectManageHandler.exceptionCaught(NettyRemotingServer.java:151) ] - 2017-04-20 21:54:32  
通信连接出现异常:java.io.IOException: Connection reset by peer
[ WARN ] - [ io.netty.channel.DefaultChannelPipeline$TailHandler.exceptionCaught(DefaultChannelPipeline.java:958) ] - 2017-04-20 21:54:32  
An exceptionCaught() event was fired, and it reached at the tail of the pipeline. It usually means the last handler in the pipeline did not handle the exception.
java.io.IOException: Connection reset by peer
	at sun.nio.ch.FileDispatcherImpl.read0(Native Method)
	at sun.nio.ch.SocketDispatcher.read(SocketDispatcher.java:39)
	at sun.nio.ch.IOUtil.readIntoNativeBuffer(IOUtil.java:223)
	at sun.nio.ch.IOUtil.read(IOUtil.java:192)
	at sun.nio.ch.SocketChannelImpl.read(SocketChannelImpl.java:380)
	at io.netty.buffer.UnpooledUnsafeDirectByteBuf.setBytes(UnpooledUnsafeDirectByteBuf.java:450)
	at io.netty.buffer.AbstractByteBuf.writeBytes(AbstractByteBuf.java:871)
	at io.netty.channel.socket.nio.NioSocketChannel.doReadBytes(NioSocketChannel.java:208)
	at io.netty.channel.nio.AbstractNioByteChannel$NioByteUnsafe.read(AbstractNioByteChannel.java:115)
	at io.netty.channel.nio.NioEventLoop.processSelectedKey(NioEventLoop.java:485)
	at io.netty.channel.nio.NioEventLoop.processSelectedKeysOptimized(NioEventLoop.java:452)
	at io.netty.channel.nio.NioEventLoop.run(NioEventLoop.java:346)
	at io.netty.util.concurrent.SingleThreadEventExecutor$2.run(SingleThreadEventExecutor.java:101)
	at java.lang.Thread.run(Thread.java:745)
